2016/08/19 01:36:28	 select seq,itemD,itemC,itemE,itemF,itemM,itemK,itemQ,status from report2
2016/08/19 01:41:31	 select * from report3
2016/08/19 01:43:11	 select * from report3
2016/08/19 01:43:14	 select * from report3
2016/08/19 13:59:21	select * from sysschedule where sys_status = '1' and sys_who = 'web'
2016/08/19 13:59:30	 select * from member where userId=? and userPwd=? and power1 = 1
2016/08/19 13:59:45	 select * from report1
2016/08/19 13:59:53	 select seq,itemD,itemC,itemE,itemF,itemM,itemK,itemQ,status from report2
2016/08/19 14:00:07	 select * from report3
2016/08/19 14:00:15	 select * from report3 where seq = ?
2016/08/19 14:00:15	sql: delete from report3 where seq=?
2016/08/19 14:00:15	data:    now_sql =  select * from report3 where seq = 6
    query_agent_total_record = 1
    seq = 6

2016/08/19 14:00:15	sqlstirng: delete from report3 where seq=6
2016/08/19 14:00:15	effect row:1
2016/08/19 14:00:20	 select * from report3
2016/08/19 14:00:34	 select seq,itemD,itemC,itemE,itemF,itemM,itemK,itemQ,status from report2
2016/08/19 14:04:19	 select * from report1
2016/08/19 14:04:31	 select * from report1 where seq = ?
2016/08/19 14:04:44	 select * from report2 where seq = ?
2016/08/19 14:06:54	 select * from report2 where seq = ?
2016/08/19 14:07:52	 select * from report2 where seq = ?
2016/08/19 14:08:18	 select * from report2 where seq = ?
2016/08/19 14:08:40	 select * from report2 where seq = ?
2016/08/19 14:09:19	 select * from report2 where seq = ?
2016/08/19 14:10:57	 select * from report2 where seq = ?
2016/08/19 14:11:28	 select * from report2 where seq = ?
2016/08/19 14:11:46	 select * from report2 where seq = ?
2016/08/19 14:12:06	 select * from report2 where seq = ?
2016/08/19 14:12:43	 select * from report2 where seq = ?
2016/08/19 14:13:25	 select * from report2 where seq = ?
2016/08/19 14:13:52	 select * from report2 where seq = ?
2016/08/19 14:15:07	 select * from report2 where seq = ?
2016/08/19 14:18:04	 select * from report2 where seq = ?
2016/08/19 14:18:48	 select * from report2 where seq = ?
2016/08/19 14:19:13	 select seq,itemD,itemC,itemE,itemF,itemM,itemK,itemQ,status from report2
2016/08/19 14:19:36	 select * from report3
2016/08/19 14:20:18	 select * from report3
2016/08/19 14:24:25	 select * from report3
2016/08/19 14:24:28	 select * from report3 where seq = ?
2016/08/19 14:24:28	sql: delete from report3 where seq=?
2016/08/19 14:24:28	data:    now_sql =  select * from report3 where seq = 8
    query_agent_total_record = 1
    seq = 8

2016/08/19 14:24:28	sqlstirng: delete from report3 where seq=8
2016/08/19 14:24:28	effect row:1
2016/08/19 14:24:32	 select * from report3
2016/08/19 14:24:35	 select * from report3 where seq = ?
2016/08/19 14:24:35	sql: delete from report3 where seq=?
2016/08/19 14:24:35	data:    now_sql =  select * from report3 where seq = 9
    query_agent_total_record = 1
    seq = 9

2016/08/19 14:24:35	sqlstirng: delete from report3 where seq=9
2016/08/19 14:24:35	effect row:1
2016/08/19 14:24:39	 select * from report3
2016/08/19 14:24:46	 select * from report3
2016/08/19 14:24:52	 select * from report3 where seq = ?
2016/08/19 14:24:52	sql: delete from report3 where seq=?
2016/08/19 14:24:52	data:    now_sql =  select * from report3 where seq = 20
    query_agent_total_record = 1
    seq = 20

2016/08/19 14:24:52	sqlstirng: delete from report3 where seq=20
2016/08/19 14:24:52	effect row:1
2016/08/19 14:24:57	 select * from report3
2016/08/19 14:25:03	 select * from report1
2016/08/19 14:25:05	 select * from report1 where seq = ?
2016/08/19 14:25:12	sql: update report1 set itemA=?,itemB=?,itemD=?,itemE=?,itemF=?,itemG=?,
			itemH=?,itemI=?,itemJ=?,itemK=?,itemL=?,itemM=?,itemN=?,itemO=?,PASCODE=?,itemP=?,
			status=?,userId=? where itemC=?
		
2016/08/19 14:25:12	data:    itemp = 
    itemo = Presence of some lymphocytes, histiocytes and erythrocytes.666
    iteml = Pleural Effusion33
    method = update
    itemk = 王宗熙病解專醫字第 0178  號
    itemn = Cytologic feature is negative.55
    itemm = Pleural effusion44
    importdate = 2016/08/18
    itemh = 2005/09/15
    itemg = 9304295
    itemj = 2005/09/16
    itemi = 005/09/15
    itemd = 新陽明醫院
    pascode = 1532100076
    itemc = 1001379
    userid = 
    itemf = 22
    iteme = 廖鍾領1
    itemb = 15001C
    itema = 聯醫病理中心
    seq = 1
    status = 2

2016/08/19 14:25:12	sqlstirng: update report1 set itemA='聯醫病理中心',itemB='15001C',itemD='新陽明醫院',itemE='廖鍾領1',itemF='22',itemG='9304295',
			itemH='2005/09/15',itemI='005/09/15',itemJ='2005/09/16',itemK='王宗熙病解專醫字第 0178  號',itemL='Pleural Effusion33',itemM='Pleural effusion44',itemN='Cytologic feature is negative.55',itemO='Presence of some lymphocytes, histiocytes and erythrocytes.666',PASCODE='1532100076',itemP='',
			status='2',userId='' where itemC='1001379'
		
2016/08/19 14:25:12	effect row:1
2016/08/19 14:25:16	 select * from report1 where seq = ?
2016/08/19 14:25:22	sql: update report1 set itemA=?,itemB=?,itemD=?,itemE=?,itemF=?,itemG=?,
			itemH=?,itemI=?,itemJ=?,itemK=?,itemL=?,itemM=?,itemN=?,itemO=?,PASCODE=?,itemP=?,
			status=?,userId=? where itemC=?
		
2016/08/19 14:25:22	data:    itemp = 
    itemo = Presence of some lymphocytes, histiocytes and erythrocytes.666
    iteml = Pleural Effusion33
    method = update
    itemk = 1王宗熙病解專醫字第 0178  號
    itemn = Cytologic feature is negative.55
    itemm = Pleural effusion44
    importdate = 2016/08/18
    itemh = 2005/09/15
    itemg = xxxx
    itemj = 2005/09/16
    itemi = 005/09/15
    itemd = 新陽明醫院
    pascode = 1532100076
    itemc = 1001379
    userid = 
    itemf = 22
    iteme = 廖鍾領1
    itemb = 15001C
    itema = 聯醫病理中心
    seq = 1
    status = 2

2016/08/19 14:25:22	sqlstirng: update report1 set itemA='聯醫病理中心',itemB='15001C',itemD='新陽明醫院',itemE='廖鍾領1',itemF='22',itemG='xxxx',
			itemH='2005/09/15',itemI='005/09/15',itemJ='2005/09/16',itemK='1王宗熙病解專醫字第 0178  號',itemL='Pleural Effusion33',itemM='Pleural effusion44',itemN='Cytologic feature is negative.55',itemO='Presence of some lymphocytes, histiocytes and erythrocytes.666',PASCODE='1532100076',itemP='',
			status='2',userId='' where itemC='1001379'
		
2016/08/19 14:25:22	effect row:1
2016/08/19 14:25:25	 select * from report1 where seq = ?
2016/08/19 14:25:36	 select seq,itemD,itemC,itemE,itemF,itemM,itemK,itemQ,status from report2
2016/08/19 14:25:37	 select * from report2 where seq = ?
2016/08/19 14:25:49	sql: update report2 set itemA=?,itemB=?,itemD=?,itemE=?,itemF=?,itemG=?,itemH=?,itemI=?,itemJ=?,itemK=?,itemL=?,itemM=?,itemN=?,itemO=?,itemP=?,itemQ=?,itemR=?,itemS=?,itemT=?,itemU=?,PASCODE=?,importDate=?,status=?,userId=? where itemC=?
2016/08/19 14:25:49	data:    itemp = 2010/07/28
    itemo = 聯醫病理中心  向近屏/盧福初/王靜玲  醫師
    itemr = Colon polyp11
    itemq = Cecum11
    iteml = 8888
    itemk = 慶鴻診所
    itemn = 20107/07/2
    itemm = 2010/07/24
    itemh = 44
    itemg = 333
    itemj = 7777
    itemi = 555
    itemd = 蘇蔡玉惠
    pascode = 3537013258
    itemc = 1329198
    userid = 
    itemf = 女2
    iteme = 11
    itemb = 25004C
    itema = 聯醫病理中心
    now() = 2016/08/19
    seq = 1
    method = update
    importdate = 2016/08/18
    itemt = The specimen consists of 3 fragments of grey soft tissue labelled colonic mucosa, measuring up to 0.3 x 0.2 x 0.2 cm. The entire specimen is submitted in one casette.11
    items = Cecum, specimen A,endoscopic biopsy---Hyperplastic polyp11111
    itemu = The sections show a picture of hyperplastic polyp, consisting of excessive number of epithelial cells with slighty serrated apperance of the luminal surfaces.  No evidence of malignancy is noted in the specimen examined.
    status = 2

2016/08/19 14:25:49	sqlstirng: update report2 set itemA='聯醫病理中心',itemB='25004C',itemD='蘇蔡玉惠',itemE='11',itemF='女2',itemG='333',itemH='44',itemI='555',itemJ='7777',itemK='慶鴻診所',itemL='8888',itemM='2010/07/24',itemN='20107/07/2',itemO='聯醫病理中心  向近屏/盧福初/王靜玲  醫師',itemP='2010/07/28',itemQ='Cecum11',itemR='Colon polyp11',itemS='Cecum, specimen A,endoscopic biopsy---Hyperplastic polyp11111',itemT='The specimen consists of 3 fragments of grey soft tissue labelled colonic mucosa, measuring up to 0.3 x 0.2 x 0.2 cm. The entire specimen is submitted in one casette.11',itemU='The sections show a picture of hyperplastic polyp, consisting of excessive number of epithelial cells with slighty serrated apperance of the luminal surfaces.  No evidence of malignancy is noted in the specimen examined.',PASCODE='3537013258',importDate='2016/08/19 14:25:49',status='2',userId='' where itemC='1329198'
2016/08/19 14:25:50	effect row:1
2016/08/19 14:25:53	 select * from report2 where seq = ?
2016/08/19 14:26:01	sql: update report2 set itemA=?,itemB=?,itemD=?,itemE=?,itemF=?,itemG=?,itemH=?,itemI=?,itemJ=?,itemK=?,itemL=?,itemM=?,itemN=?,itemO=?,itemP=?,itemQ=?,itemR=?,itemS=?,itemT=?,itemU=?,PASCODE=?,importDate=?,status=?,userId=? where itemC=?
2016/08/19 14:26:01	data:    itemp = 2010/07/28
    itemo = 聯醫病理中心  向近屏/盧福初/王靜玲  醫師
    itemr = Colon polyp11
    itemq = Cecum11
    iteml = 8888
    itemk = 慶鴻診所
    itemn = 20107/07/2
    itemm = 2010/07/24
    itemh = 44
    itemg = 333
    itemj = 7777
    itemi = 555
    itemd = 蘇蔡玉惠
    pascode = 3537013258
    itemc = 1329198
    userid = 
    itemf = 女2
    iteme = 11
    itemb = 25004C
    itema = 聯醫病理中心
    now() = 2016/08/19
    seq = 1
    method = update
    importdate = 2016/08/19
    itemt = The specimen consists of 3 fragments of grey soft tissue labelled colonic mucosa, measuring up to 0.3 x 0.2 x 0.2 cm. The entire specimen is submitted in one casette.11
    items = Cecum, specimen A,endoscopic biopsy---Hyperplastic polyp11111
    itemu = The sections show a picture of hyperplastic polyp, consisting of excessive number of epithelial cells with slighty serrated apperance of the luminal surfaces.  No evidence of malignancy is noted in the specimen examined.3333
    status = 2

2016/08/19 14:26:01	sqlstirng: update report2 set itemA='聯醫病理中心',itemB='25004C',itemD='蘇蔡玉惠',itemE='11',itemF='女2',itemG='333',itemH='44',itemI='555',itemJ='7777',itemK='慶鴻診所',itemL='8888',itemM='2010/07/24',itemN='20107/07/2',itemO='聯醫病理中心  向近屏/盧福初/王靜玲  醫師',itemP='2010/07/28',itemQ='Cecum11',itemR='Colon polyp11',itemS='Cecum, specimen A,endoscopic biopsy---Hyperplastic polyp11111',itemT='The specimen consists of 3 fragments of grey soft tissue labelled colonic mucosa, measuring up to 0.3 x 0.2 x 0.2 cm. The entire specimen is submitted in one casette.11',itemU='The sections show a picture of hyperplastic polyp, consisting of excessive number of epithelial cells with slighty serrated apperance of the luminal surfaces.  No evidence of malignancy is noted in the specimen examined.3333',PASCODE='3537013258',importDate='2016/08/19 14:26:01',status='2',userId='' where itemC='1329198'
2016/08/19 14:26:02	effect row:1
2016/08/19 14:26:04	 select * from report2 where seq = ?
2016/08/19 14:26:16	 select * from report1
2016/08/19 14:26:16	 select * from worker where 1=1
2016/08/19 14:26:18	 select * from member where power1 = ? order by userName
2016/08/19 14:26:19	 select * from member where power1 = ? order by userName
2016/08/19 14:26:25	 select seq,itemD,itemC,itemE,itemF,itemM,itemK,itemQ,status from report2
2016/08/19 14:26:29	 select * from report3
2016/08/19 14:26:29	 select seq,itemD,itemC,itemE,itemF,itemM,itemK,itemQ,status from report2
2016/08/19 14:40:47	select * from sysschedule where sys_status = '1' and sys_who = 'web'
2016/08/19 14:40:50	 select * from system_code where sys_code=?
2016/08/19 14:40:50	 select * from system_code where sys_code=?
2016/08/19 14:40:50	 select * from system_code where sys_code=?
2016/08/19 14:40:50	 select * from system_code where sys_code=?
2016/08/19 15:14:08	select * from sysschedule where sys_status = '1' and sys_who = 'web'
2016/08/19 15:14:11	 select * from system_code where sys_code=?
2016/08/19 15:14:11	 select * from system_code where sys_code=?
2016/08/19 15:14:11	 select * from system_code where sys_code=?
2016/08/19 15:14:21	 select * from member where userId=? and userPwd=?
2016/08/19 15:14:30	 select * from system_code where sys_code=?
2016/08/19 15:14:47	 select * from member where userId=? and userPwd=?
2016/08/19 15:15:31	 select * from member where userId=? and userPwd=? and power1 = 1
2016/08/19 15:15:38	 select * from system_code where sys_code=?
2016/08/19 15:15:56	 select * from member where userId=? and userPwd=?
2016/08/19 17:05:10	select * from sysschedule where sys_status = '1' and sys_who = 'web'
2016/08/19 17:05:13	 select * from system_code where sys_code=?
2016/08/19 17:05:13	 select * from system_code where sys_code=?
2016/08/19 17:05:14	 select * from system_code where sys_code=?
2016/08/19 17:05:21	 select * from system_code where sys_code=?
2016/08/19 17:05:33	 select * from member where userId=? and userPwd=?
2016/08/19 17:20:02	select * from sysschedule where sys_status = '1' and sys_who = 'web'
2016/08/19 17:20:05	 select * from system_code where sys_code=?
2016/08/19 17:20:05	 select * from system_code where sys_code=?
2016/08/19 17:20:05	 select * from system_code where sys_code=?
2016/08/19 17:20:21	 select * from member where userId=? and userPwd=?
2016/08/19 17:22:07	 select * from report1
2016/08/19 17:22:59	 select * from report1
2016/08/19 17:23:22	 select * from report1
2016/08/19 17:23:54	 select * from report1
2016/08/19 17:23:58	 select * from report3
2016/08/19 17:24:20	 select * from report3
2016/08/19 17:24:27	 select * from report1
2016/08/19 17:24:40	 select seq,itemD,itemC,itemE,itemF,itemM,itemK,itemQ,status from report2
2016/08/19 17:24:50	 select seq,itemD,itemC,itemE,itemF,itemM,itemK,itemQ,status from report2
2016/08/19 17:25:09	 select seq,itemD,itemC,itemE,itemF,itemM,itemK,itemQ,status from report2 order by itemM asc
2016/08/19 17:25:11	 select seq,itemD,itemC,itemE,itemF,itemM,itemK,itemQ,status from report2 order by itemE desc
2016/08/19 17:25:16	 select seq,itemD,itemC,itemE,itemF,itemM,itemK,itemQ,status from report2 order by itemM desc
2016/08/19 17:25:25	 select seq,itemD,itemC,itemE,itemF,itemM,itemK,itemQ,status from report2
2016/08/19 17:48:10	 select * from system_code where sys_code=?
2016/08/19 17:54:10	 select * from system_code where sys_code=?
