2016/08/20 00:05:25	load dao replace:add_worker
2016/08/20 00:05:25	load dao replace:update_worker
2016/08/20 00:05:25	load dao replace:del_worker
2016/08/20 00:05:25	load dao replace:qa_worker
2016/08/20 00:05:25	load dao replace:q_worker
2016/08/20 01:12:42	load dao replace:add_worker
2016/08/20 01:12:42	load dao replace:update_worker
2016/08/20 01:12:42	load dao replace:del_worker
2016/08/20 01:12:42	load dao replace:qa_worker
2016/08/20 01:12:42	load dao replace:q_worker
2016/08/20 01:28:05	load dao replace:add_worker
2016/08/20 01:28:05	load dao replace:update_worker
2016/08/20 01:28:05	load dao replace:del_worker
2016/08/20 01:28:05	load dao replace:qa_worker
2016/08/20 01:28:05	load dao replace:q_worker
2016/08/20 11:50:46	load dao replace:add_worker
2016/08/20 11:50:46	load dao replace:update_worker
2016/08/20 11:50:46	load dao replace:del_worker
2016/08/20 11:50:46	load dao replace:qa_worker
2016/08/20 11:50:46	load dao replace:q_worker
2016/08/20 16:17:42	load dao replace:add_worker
2016/08/20 16:17:42	load dao replace:update_worker
2016/08/20 16:17:42	load dao replace:del_worker
2016/08/20 16:17:42	load dao replace:qa_worker
2016/08/20 16:17:42	load dao replace:q_worker
2016/08/20 17:01:56	load dao replace:add_worker
2016/08/20 17:01:56	load dao replace:update_worker
2016/08/20 17:01:56	load dao replace:del_worker
2016/08/20 17:01:56	load dao replace:qa_worker
2016/08/20 17:01:56	load dao replace:q_worker
2016/08/20 17:37:01	load dao replace:add_worker
2016/08/20 17:37:01	load dao replace:update_worker
2016/08/20 17:37:01	load dao replace:del_worker
2016/08/20 17:37:01	load dao replace:qa_worker
2016/08/20 17:37:01	load dao replace:q_worker
2016/08/20 17:39:33	load dao replace:add_worker
2016/08/20 17:39:33	load dao replace:update_worker
2016/08/20 17:39:33	load dao replace:del_worker
2016/08/20 17:39:33	load dao replace:qa_worker
2016/08/20 17:39:33	load dao replace:q_worker
2016/08/20 17:44:34	load dao replace:add_worker
2016/08/20 17:44:34	load dao replace:update_worker
2016/08/20 17:44:34	load dao replace:del_worker
2016/08/20 17:44:34	load dao replace:qa_worker
2016/08/20 17:44:34	load dao replace:q_worker
2016/08/20 18:11:56	load dao replace:add_worker
2016/08/20 18:11:56	load dao replace:update_worker
2016/08/20 18:11:56	load dao replace:del_worker
2016/08/20 18:11:56	load dao replace:qa_worker
2016/08/20 18:11:56	load dao replace:q_worker
2016/08/20 19:00:17	load dao replace:add_worker
2016/08/20 19:00:17	load dao replace:update_worker
2016/08/20 19:00:17	load dao replace:del_worker
2016/08/20 19:00:17	load dao replace:qa_worker
2016/08/20 19:00:17	load dao replace:q_worker
